<?xml version="1.0" encoding="UTF-8"?>
<!-- Generated by org.testng.reporters.JUnitReportReporter -->
<testsuite hostname="DESKTOP-FJGHUJB" failures="0" tests="1" name="com.May2022.qa.TestCases.NEXTukHomeText" time="84.283" errors="0" timestamp="08 Oct 2022 17:51:26 GMT" skipped="0">
  <testcase classname="com.May2022.qa.TestCases.NEXTukHomeText" name="nextUkHomeTest" time="84.283"/>
</testsuite> <!-- com.May2022.qa.TestCases.NEXTukHomeText -->
