<?xml version="1.0" encoding="UTF-8"?>
<!-- Generated by org.testng.reporters.JUnitReportReporter -->
<testsuite hostname="DESKTOP-FJGHUJB" failures="0" tests="1" name="com.May2022.qa.TestCases.AutomationPracticeRegistrationPageTest" time="21.669" errors="0" timestamp="09 Oct 2022 21:53:34 GMT" skipped="0">
  <testcase classname="com.May2022.qa.TestCases.AutomationPracticeRegistrationPageTest" name="automationPracticeRegistrationPageTest" time="21.669"/>
</testsuite> <!-- com.May2022.qa.TestCases.AutomationPracticeRegistrationPageTest -->
