<?xml version="1.0" encoding="UTF-8"?>
<!-- Generated by org.testng.reporters.JUnitReportReporter -->
<testsuite hostname="DESKTOP-FJGHUJB" failures="0" tests="1" name="com.May2022.qa.TestCases.AutomationPracticeLoginPageTest" time="7.919" errors="0" timestamp="09 Oct 2022 21:53:34 GMT" skipped="0">
  <testcase classname="com.May2022.qa.TestCases.AutomationPracticeLoginPageTest" name="AutomationPrcticeLoginPageTest" time="7.919"/>
</testsuite> <!-- com.May2022.qa.TestCases.AutomationPracticeLoginPageTest -->
